Removed Pin From Net: NetName=GND Pin=LM3-1
Removed Pin From Net: NetName=+12V Pin=LM3-2
Change Component Library : Designator=LM3 Old Library=Altium Content Vault New Library=
Added Component: Designator=C1(100uF)
Added Component: Designator=C2(1uF)
Added Component: Designator=C3(1uF)
Added Component: Designator=C4(.1uF)
Added Component: Designator=C9(1uF)
Added Component: Designator=C13(.1uF)
Added Pin To Net: NetName=NetC1_0 Pin=C1-0
Added Pin To Net: NetName=GND Pin=C1-1
Added Pin To Net: NetName=NetC1_0 Pin=C2-0
Added Pin To Net: NetName=GND Pin=C2-1
Added Pin To Net: NetName=+15V Pin=C3-0
Added Pin To Net: NetName=GND Pin=C3-1
Added Pin To Net: NetName=GND Pin=C4-1
Added Pin To Net: NetName=+15V Pin=C4-2
Added Pin To Net: NetName=+15V Pin=C9-0
Added Pin To Net: NetName=GND Pin=C9-1
Added Pin To Net: NetName=GND Pin=C13-1
Added Pin To Net: NetName=+12V Pin=C13-2
Added Pin To Net: NetName=+12V Pin=LM3-1
Added Pin To Net: NetName=GND Pin=LM3-2
Added Member To Class: ClassName=BuchlaBusBoard Member=Component C1 100uF
Added Member To Class: ClassName=BuchlaBusBoard Member=Component C2 1uF
Added Member To Class: ClassName=BuchlaBusBoard Member=Component C3 1uF
Added Member To Class: ClassName=BuchlaBusBoard Member=Component C4 .1uF
Added Member To Class: ClassName=BuchlaBusBoard Member=Component C9 10uF
Added Member To Class: ClassName=BuchlaBusBoard Member=Component C13 .1uF
