Change Component Designator: Old Designator=C1 New Designator=C4
Change Component Designator: Old Designator=C2 New Designator=C8
Change Component Designator: Old Designator=C3 New Designator=C13
Change Component Designator: Old Designator=C4 New Designator=C14
Change Component Designator: Old Designator=C? New Designator=C1
Change Component Designator: Old Designator=C? New Designator=C2
Change Component Designator: Old Designator=C? New Designator=C3
Change Component Designator: Old Designator=C? New Designator=C5
Change Component Designator: Old Designator=C? New Designator=C6
Change Component Designator: Old Designator=C? New Designator=C7
Change Component Designator: Old Designator=C? New Designator=C9
Change Component Designator: Old Designator=C? New Designator=C10
Change Component Designator: Old Designator=C? New Designator=C11
Change Component Designator: Old Designator=C? New Designator=C12
Change Component Designator: Old Designator=L7815ABV New Designator=L1
Change Component Designator: Old Designator=LM7805CT New Designator=LM3
Change Component Designator: Old Designator=LM7812CT New Designator=LM2
Change Component Designator: Old Designator=LM7915CT New Designator=LM1
Change Component Designator: Old Designator=Vag3 New Designator=Vag5
Change Component Designator: Old Designator=Vag4 New Designator=Vag6
Change Component Designator: Old Designator=Vag5 New Designator=Vag7
Change Component Designator: Old Designator=Vag6 New Designator=Vag8
Change Component Designator: Old Designator=Vag7 New Designator=Vag3
Change Component Designator: Old Designator=Vag8 New Designator=Vag4
