Added Pin To Net: NetName=+15V Pin=C1-2
Added Pin To Net: NetName=GND Pin=C2-2
Added Pin To Net: NetName=+5V Pin=C3-2
Added Pin To Net: NetName=+12V Pin=C13-2
Added Pin To Net: NetName=AGND Pin=Vag1-1
Added Pin To Net: NetName=AGND Pin=Vag1-1
Added Pin To Net: NetName=-15V Pin=Vag1-2
Added Pin To Net: NetName=-15V Pin=Vag1-2
Added Pin To Net: NetName=+15V Pin=Vag1-3
Added Pin To Net: NetName=+15V Pin=Vag1-3
Added Pin To Net: NetName=+12V Pin=Vag1-4
Added Pin To Net: NetName=+12V Pin=Vag1-4
Added Pin To Net: NetName=+5V Pin=Vag1-5
Added Pin To Net: NetName=+5V Pin=Vag1-5
Added Pin To Net: NetName=GND Pin=Vag1-6
Added Pin To Net: NetName=GND Pin=Vag1-6
Added Pin To Net: NetName=NetVag1_8 Pin=Vag1-8
Added Pin To Net: NetName=NetVag1_8 Pin=Vag1-8
Added Pin To Net: NetName=NetVag1_9 Pin=Vag1-9
Added Pin To Net: NetName=NetVag1_9 Pin=Vag1-9
Added Pin To Net: NetName=NetVag1_10 Pin=Vag1-10
Added Pin To Net: NetName=NetVag1_10 Pin=Vag1-10
Added Pin To Net: NetName=AGND Pin=Vag2-1
Added Pin To Net: NetName=AGND Pin=Vag2-1
Added Pin To Net: NetName=-15V Pin=Vag2-2
Added Pin To Net: NetName=-15V Pin=Vag2-2
Added Pin To Net: NetName=+15V Pin=Vag2-3
Added Pin To Net: NetName=+15V Pin=Vag2-3
Added Pin To Net: NetName=+12V Pin=Vag2-4
Added Pin To Net: NetName=+12V Pin=Vag2-4
Added Pin To Net: NetName=+5V Pin=Vag2-5
Added Pin To Net: NetName=+5V Pin=Vag2-5
Added Pin To Net: NetName=GND Pin=Vag2-6
Added Pin To Net: NetName=GND Pin=Vag2-6
Added Pin To Net: NetName=NetVag1_8 Pin=Vag2-8
Added Pin To Net: NetName=NetVag1_8 Pin=Vag2-8
Added Pin To Net: NetName=NetVag1_9 Pin=Vag2-9
Added Pin To Net: NetName=NetVag1_9 Pin=Vag2-9
Added Pin To Net: NetName=NetVag1_10 Pin=Vag2-10
Added Pin To Net: NetName=NetVag1_10 Pin=Vag2-10
Added Pin To Net: NetName=AGND Pin=Vag3-1
Added Pin To Net: NetName=AGND Pin=Vag3-1
Added Pin To Net: NetName=-15V Pin=Vag3-2
Added Pin To Net: NetName=-15V Pin=Vag3-2
Added Pin To Net: NetName=+15V Pin=Vag3-3
Added Pin To Net: NetName=+15V Pin=Vag3-3
Added Pin To Net: NetName=+12V Pin=Vag3-4
Added Pin To Net: NetName=+12V Pin=Vag3-4
Added Pin To Net: NetName=+5V Pin=Vag3-5
Added Pin To Net: NetName=+5V Pin=Vag3-5
Added Pin To Net: NetName=GND Pin=Vag3-6
Added Pin To Net: NetName=GND Pin=Vag3-6
Added Pin To Net: NetName=NetVag1_8 Pin=Vag3-8
Added Pin To Net: NetName=NetVag1_8 Pin=Vag3-8
Added Pin To Net: NetName=NetVag1_9 Pin=Vag3-9
Added Pin To Net: NetName=NetVag1_9 Pin=Vag3-9
Added Pin To Net: NetName=NetVag1_10 Pin=Vag3-10
Added Pin To Net: NetName=NetVag1_10 Pin=Vag3-10
Added Pin To Net: NetName=AGND Pin=Vag4-1
Added Pin To Net: NetName=AGND Pin=Vag4-1
Added Pin To Net: NetName=-15V Pin=Vag4-2
Added Pin To Net: NetName=-15V Pin=Vag4-2
Added Pin To Net: NetName=+15V Pin=Vag4-3
Added Pin To Net: NetName=+15V Pin=Vag4-3
Added Pin To Net: NetName=+12V Pin=Vag4-4
Added Pin To Net: NetName=+12V Pin=Vag4-4
Added Pin To Net: NetName=+5V Pin=Vag4-5
Added Pin To Net: NetName=+5V Pin=Vag4-5
Added Pin To Net: NetName=GND Pin=Vag4-6
Added Pin To Net: NetName=GND Pin=Vag4-6
Added Pin To Net: NetName=NetVag1_8 Pin=Vag4-8
Added Pin To Net: NetName=NetVag1_8 Pin=Vag4-8
Added Pin To Net: NetName=NetVag1_9 Pin=Vag4-9
Added Pin To Net: NetName=NetVag1_9 Pin=Vag4-9
Added Pin To Net: NetName=NetVag1_10 Pin=Vag4-10
Added Pin To Net: NetName=NetVag1_10 Pin=Vag4-10
Added Pin To Net: NetName=AGND Pin=Vag5-1
Added Pin To Net: NetName=AGND Pin=Vag5-1
Added Pin To Net: NetName=-15V Pin=Vag5-2
Added Pin To Net: NetName=-15V Pin=Vag5-2
Added Pin To Net: NetName=+15V Pin=Vag5-3
Added Pin To Net: NetName=+15V Pin=Vag5-3
Added Pin To Net: NetName=+12V Pin=Vag5-4
Added Pin To Net: NetName=+12V Pin=Vag5-4
Added Pin To Net: NetName=+5V Pin=Vag5-5
Added Pin To Net: NetName=+5V Pin=Vag5-5
Added Pin To Net: NetName=GND Pin=Vag5-6
Added Pin To Net: NetName=GND Pin=Vag5-6
Added Pin To Net: NetName=NetVag1_8 Pin=Vag5-8
Added Pin To Net: NetName=NetVag1_8 Pin=Vag5-8
Added Pin To Net: NetName=NetVag1_9 Pin=Vag5-9
Added Pin To Net: NetName=NetVag1_9 Pin=Vag5-9
Added Pin To Net: NetName=NetVag1_10 Pin=Vag5-10
Added Pin To Net: NetName=NetVag1_10 Pin=Vag5-10
Added Pin To Net: NetName=AGND Pin=Vag6-1
Added Pin To Net: NetName=AGND Pin=Vag6-1
Added Pin To Net: NetName=-15V Pin=Vag6-2
Added Pin To Net: NetName=-15V Pin=Vag6-2
Added Pin To Net: NetName=+15V Pin=Vag6-3
Added Pin To Net: NetName=+15V Pin=Vag6-3
Added Pin To Net: NetName=+12V Pin=Vag6-4
Added Pin To Net: NetName=+12V Pin=Vag6-4
Added Pin To Net: NetName=+5V Pin=Vag6-5
Added Pin To Net: NetName=+5V Pin=Vag6-5
Added Pin To Net: NetName=GND Pin=Vag6-6
Added Pin To Net: NetName=GND Pin=Vag6-6
Added Pin To Net: NetName=NetVag1_8 Pin=Vag6-8
Added Pin To Net: NetName=NetVag1_8 Pin=Vag6-8
Added Pin To Net: NetName=NetVag1_9 Pin=Vag6-9
Added Pin To Net: NetName=NetVag1_9 Pin=Vag6-9
Added Pin To Net: NetName=NetVag1_10 Pin=Vag6-10
Added Pin To Net: NetName=NetVag1_10 Pin=Vag6-10
Added Pin To Net: NetName=AGND Pin=Vag7-1
Added Pin To Net: NetName=AGND Pin=Vag7-1
Added Pin To Net: NetName=-15V Pin=Vag7-2
Added Pin To Net: NetName=-15V Pin=Vag7-2
Added Pin To Net: NetName=+15V Pin=Vag7-3
Added Pin To Net: NetName=+15V Pin=Vag7-3
Added Pin To Net: NetName=+12V Pin=Vag7-4
Added Pin To Net: NetName=+12V Pin=Vag7-4
Added Pin To Net: NetName=+5V Pin=Vag7-5
Added Pin To Net: NetName=+5V Pin=Vag7-5
Added Pin To Net: NetName=GND Pin=Vag7-6
Added Pin To Net: NetName=GND Pin=Vag7-6
Added Pin To Net: NetName=NetVag1_8 Pin=Vag7-8
Added Pin To Net: NetName=NetVag1_8 Pin=Vag7-8
Added Pin To Net: NetName=NetVag1_9 Pin=Vag7-9
Added Pin To Net: NetName=NetVag1_9 Pin=Vag7-9
Added Pin To Net: NetName=NetVag1_10 Pin=Vag7-10
Added Pin To Net: NetName=NetVag1_10 Pin=Vag7-10
Added Pin To Net: NetName=AGND Pin=Vag8-1
Added Pin To Net: NetName=AGND Pin=Vag8-1
Added Pin To Net: NetName=-15V Pin=Vag8-2
Added Pin To Net: NetName=-15V Pin=Vag8-2
Added Pin To Net: NetName=+15V Pin=Vag8-3
Added Pin To Net: NetName=+15V Pin=Vag8-3
Added Pin To Net: NetName=+12V Pin=Vag8-4
Added Pin To Net: NetName=+12V Pin=Vag8-4
Added Pin To Net: NetName=+5V Pin=Vag8-5
Added Pin To Net: NetName=+5V Pin=Vag8-5
Added Pin To Net: NetName=GND Pin=Vag8-6
Added Pin To Net: NetName=GND Pin=Vag8-6
Added Pin To Net: NetName=NetVag1_8 Pin=Vag8-8
Added Pin To Net: NetName=NetVag1_8 Pin=Vag8-8
Added Pin To Net: NetName=NetVag1_9 Pin=Vag8-9
Added Pin To Net: NetName=NetVag1_9 Pin=Vag8-9
Added Pin To Net: NetName=NetVag1_10 Pin=Vag8-10
Added Pin To Net: NetName=NetVag1_10 Pin=Vag8-10
