Replace Part C1 Cap in C:\Users\oren\BuchlaBusBoardPSU\Buchla Bus Board PSU\BuchlaBusBoard.SchDoc with Cap from Miscellaneous Devices.IntLib
Replace Part C2 Cap in C:\Users\oren\BuchlaBusBoardPSU\Buchla Bus Board PSU\BuchlaBusBoard.SchDoc with Cap from Miscellaneous Devices.IntLib
Replace Part C3 Cap in C:\Users\oren\BuchlaBusBoardPSU\Buchla Bus Board PSU\BuchlaBusBoard.SchDoc with Cap from Miscellaneous Devices.IntLib
Replace Part C13 Cap in C:\Users\oren\BuchlaBusBoardPSU\Buchla Bus Board PSU\BuchlaBusBoard.SchDoc with Cap from Miscellaneous Devices.IntLib
Replace Part D1 DIOD-D-A1K2-2 in C:\Users\oren\BuchlaBusBoardPSU\Buchla Bus Board PSU\BuchlaBusBoard.SchDoc with DIOD-D-A1K2-2 from Altium Content Vault
Replace Part D2 DIOD-D-A1K2-2 in C:\Users\oren\BuchlaBusBoardPSU\Buchla Bus Board PSU\BuchlaBusBoard.SchDoc with DIOD-D-A1K2-2 from Altium Content Vault
Replace Part P1 Header 3 in C:\Users\oren\BuchlaBusBoardPSU\Buchla Bus Board PSU\BuchlaBusBoard.SchDoc with Header 3 from Miscellaneous Connectors.IntLib
Replace Part P2 Header 2 in C:\Users\oren\BuchlaBusBoardPSU\Buchla Bus Board PSU\BuchlaBusBoard.SchDoc with Header 2 from Miscellaneous Connectors.IntLib
Replace Part U1 PM-REG-L4940-SIL3 in C:\Users\oren\BuchlaBusBoardPSU\Buchla Bus Board PSU\BuchlaBusBoard.SchDoc with PM-REG-L4940-SIL3 from Altium Content Vault
Replace Part U2 PM-REG-LM7905-SIL3 in C:\Users\oren\BuchlaBusBoardPSU\Buchla Bus Board PSU\BuchlaBusBoard.SchDoc with PM-REG-LM7905-SIL3 from Altium Content Vault
Replace Part U3 PM-REG-LM7905-SIL3 in C:\Users\oren\BuchlaBusBoardPSU\Buchla Bus Board PSU\BuchlaBusBoard.SchDoc with PM-REG-LM7905-SIL3 from Altium Content Vault
Replace Part U4 PM-REG-LM7905-SIL3 in C:\Users\oren\BuchlaBusBoardPSU\Buchla Bus Board PSU\BuchlaBusBoard.SchDoc with PM-REG-LM7905-SIL3 from Altium Content Vault
Replace Part U5 100uF Sprague in C:\Users\oren\BuchlaBusBoardPSU\Buchla Bus Board PSU\BuchlaBusBoard.SchDoc with 100uF Sprague from BuchlaBusBoardLibrary.SchLib
Replace Part U6 100uF Sprague in C:\Users\oren\BuchlaBusBoardPSU\Buchla Bus Board PSU\BuchlaBusBoard.SchDoc with 100uF Sprague from BuchlaBusBoardLibrary.SchLib
Replace Part U7 100uF Sprague in C:\Users\oren\BuchlaBusBoardPSU\Buchla Bus Board PSU\BuchlaBusBoard.SchDoc with 100uF Sprague from BuchlaBusBoardLibrary.SchLib
Replace Part U8 100uF Sprague in C:\Users\oren\BuchlaBusBoardPSU\Buchla Bus Board PSU\BuchlaBusBoard.SchDoc with 100uF Sprague from BuchlaBusBoardLibrary.SchLib
Replace Part U9 100uF Sprague in C:\Users\oren\BuchlaBusBoardPSU\Buchla Bus Board PSU\BuchlaBusBoard.SchDoc with 100uF Sprague from BuchlaBusBoardLibrary.SchLib
Replace Part U10 100uF Sprague in C:\Users\oren\BuchlaBusBoardPSU\Buchla Bus Board PSU\BuchlaBusBoard.SchDoc with 100uF Sprague from BuchlaBusBoardLibrary.SchLib
Replace Part U11 100uF Sprague in C:\Users\oren\BuchlaBusBoardPSU\Buchla Bus Board PSU\BuchlaBusBoard.SchDoc with 100uF Sprague from BuchlaBusBoardLibrary.SchLib
Replace Part U12 100uF Sprague in C:\Users\oren\BuchlaBusBoardPSU\Buchla Bus Board PSU\BuchlaBusBoard.SchDoc with 100uF Sprague from BuchlaBusBoardLibrary.SchLib
Replace Part U13 100uF Sprague in C:\Users\oren\BuchlaBusBoardPSU\Buchla Bus Board PSU\BuchlaBusBoard.SchDoc with 100uF Sprague from BuchlaBusBoardLibrary.SchLib
Replace Part U14 100uF Sprague in C:\Users\oren\BuchlaBusBoardPSU\Buchla Bus Board PSU\BuchlaBusBoard.SchDoc with 100uF Sprague from BuchlaBusBoardLibrary.SchLib
Replace Part Vag1 Component_1 in C:\Users\oren\BuchlaBusBoardPSU\Buchla Bus Board PSU\BuchlaBusBoard.SchDoc with Component_1 from BuchlaBusBoardLibrary.SchLib
Replace Part Vag2 Component_1 in C:\Users\oren\BuchlaBusBoardPSU\Buchla Bus Board PSU\BuchlaBusBoard.SchDoc with Component_1 from BuchlaBusBoardLibrary.SchLib
Replace Part Vag3 Component_1 in C:\Users\oren\BuchlaBusBoardPSU\Buchla Bus Board PSU\BuchlaBusBoard.SchDoc with Component_1 from BuchlaBusBoardLibrary.SchLib
Replace Part Vag4 Component_1 in C:\Users\oren\BuchlaBusBoardPSU\Buchla Bus Board PSU\BuchlaBusBoard.SchDoc with Component_1 from BuchlaBusBoardLibrary.SchLib
Replace Part Vag5 Component_1 in C:\Users\oren\BuchlaBusBoardPSU\Buchla Bus Board PSU\BuchlaBusBoard.SchDoc with Component_1 from BuchlaBusBoardLibrary.SchLib
Replace Part Vag6 Component_1 in C:\Users\oren\BuchlaBusBoardPSU\Buchla Bus Board PSU\BuchlaBusBoard.SchDoc with Component_1 from BuchlaBusBoardLibrary.SchLib
Replace Part Vag7 Component_1 in C:\Users\oren\BuchlaBusBoardPSU\Buchla Bus Board PSU\BuchlaBusBoard.SchDoc with Component_1 from BuchlaBusBoardLibrary.SchLib
Replace Part Vag8 Component_1 in C:\Users\oren\BuchlaBusBoardPSU\Buchla Bus Board PSU\BuchlaBusBoard.SchDoc with Component_1 from BuchlaBusBoardLibrary.SchLib
